<?xml version="1.0" encoding="UTF-8"?>
<!-- Generated by org.testng.reporters.JUnitXMLReporter -->
<testsuite ignored="0" hostname="MSDES03" failures="0" tests="3" name="Default test" time="19.184" errors="0" timestamp="2024-10-07T16:52:47 IST">
  <testcase classname="com.medicalApp_tests.MedicalApp_UpdateCustomer_Test" name="UpdateCustomer_Test" time="0.01"/>
  <testcase classname="com.medicalApp_tests.MedicalApp_UpdateCustomer_Test" name="UpdateCustomer_Test" time="6.258"/>
  <testcase classname="com.medicalApp_tests.TC_002_UpdateStock_Testcase" name="PurchaseOrder" time="9.045"/>
</testsuite>