<?xml version="1.0" encoding="UTF-8"?>
<!-- Generated by org.testng.reporters.JUnitXMLReporter -->
<testsuite ignored="8" hostname="MSDES02" failures="3" tests="4" name="Test" time="13.639" errors="0" timestamp="2024-10-09T12:48:14 IST">
  <testcase classname="com.medicalapp.testcase.TC_003_AddCustomer" name="MedicalAppAddCustomer_TC_003" time="3.483"/>
  <testcase classname="com.medicalapp.testcase.TC_001_AddNewStockDetails" name="AddStockTestcase" time="0.002">
    <failure type="java.lang.NullPointerException" message="Cannot invoke &amp;quot;com.medicalappreusablesteps.LoginPage.login(String, String)&amp;quot; because &amp;quot;this.loginpage&amp;quot; is null">
      <![CDATA[java.lang.NullPointerException: Cannot invoke "com.medicalappreusablesteps.LoginPage.login(String, String)" because "this.loginpage" is null
at com.medicalapp.testcase.TC_001_AddNewStockDetails.AddStockTestcase(TC_001_AddNewStockDetails.java:38)
at java.base/java.util.ArrayList.forEach(ArrayList.java:1511)
... Removed 27 stack frames]]>
    </failure>
  </testcase> <!-- AddStockTestcase -->
  <testcase classname="com.medicalapp.testcase.TC_002_UpdateStock" name="PurchaseOrder" time="0.012">
    <failure type="java.lang.NullPointerException" message="Cannot invoke &amp;quot;com.medicalappreusablesteps.LoginPage.login(String, String)&amp;quot; because &amp;quot;this.loginpage&amp;quot; is null">
      <![CDATA[java.lang.NullPointerException: Cannot invoke "com.medicalappreusablesteps.LoginPage.login(String, String)" because "this.loginpage" is null
at com.medicalapp.testcase.TC_002_UpdateStock.PurchaseOrder(TC_002_UpdateStock.java:83)
at java.base/java.util.ArrayList.forEach(ArrayList.java:1511)
... Removed 27 stack frames]]>
    </failure>
  </testcase> <!-- PurchaseOrder -->
  <testcase classname="com.medicalapp.testcase.TC_004_UpdateCustomer" name="UpdateCustomer_Test" time="0.001">
    <failure type="java.lang.NullPointerException" message="Cannot invoke &amp;quot;com.medicalappreusablesteps.LoginPage.login(String, String)&amp;quot; because &amp;quot;this.loginpage&amp;quot; is null">
      <![CDATA[java.lang.NullPointerException: Cannot invoke "com.medicalappreusablesteps.LoginPage.login(String, String)" because "this.loginpage" is null
at com.medicalapp.testcase.TC_004_UpdateCustomer.UpdateCustomer_Test(TC_004_UpdateCustomer.java:36)
at java.base/java.util.ArrayList.forEach(ArrayList.java:1511)
... Removed 27 stack frames]]>
    </failure>
  </testcase> <!-- UpdateCustomer_Test -->
  <testcase classname="com.medicalapp.testcase.BaseClass" name="@BeforeTest setUp" time="0.0">
    <ignored/>
  </testcase> <!-- @BeforeTest setUp -->
  <testcase classname="com.medicalapp.testcase.BaseClass" name="@BeforeTest setUp" time="0.0">
    <ignored/>
  </testcase> <!-- @BeforeTest setUp -->
  <testcase classname="com.medicalapp.testcase.BaseClass" name="@AfterTest AppOnFinish" time="0.0">
    <ignored/>
  </testcase> <!-- @AfterTest AppOnFinish -->
  <testcase classname="com.medicalapp.testcase.BaseClass" name="@BeforeTest setUp" time="0.0">
    <ignored/>
  </testcase> <!-- @BeforeTest setUp -->
  <testcase classname="com.medicalapp.testcase.BaseClass" name="@AfterTest AppOnFinish" time="0.0">
    <ignored/>
  </testcase> <!-- @AfterTest AppOnFinish -->
  <testcase classname="com.medicalapp.testcase.BaseClass" name="@AfterTest AppOnFinish" time="0.0">
    <ignored/>
  </testcase> <!-- @AfterTest AppOnFinish -->
  <testcase classname="com.medicalapp.testcase.BaseClass" name="@AfterTest AppOnFinish" time="0.0">
    <ignored/>
  </testcase> <!-- @AfterTest AppOnFinish -->
  <testcase classname="com.medicalapp.testcase.BaseClass" name="@BeforeTest setUp" time="0.0">
    <ignored/>
  </testcase> <!-- @BeforeTest setUp -->
</testsuite> <!-- Test -->
