<?xml version="1.0" encoding="UTF-8"?>
<testng-results ignored="0" total="1" passed="1" failed="0" skipped="0">
  <reporter-output>
  </reporter-output>
  <suite started-at="2024-10-07T09:31:38 IST" name="Default suite" finished-at="2024-10-07T09:32:03 IST" duration-ms="24249">
    <groups>
    </groups>
    <test started-at="2024-10-07T09:31:38 IST" name="Default test" finished-at="2024-10-07T09:32:03 IST" duration-ms="24249">
      <class name="com.medicalapp_tests.MedicalApp_AddCustomer">
        <test-method is-config="true" signature="setUp()[pri:0, instance:com.medicalapp_tests.MedicalApp_AddCustomer@1040be71]" started-at="2024-10-07T09:31:38 IST" name="setUp" finished-at="2024-10-07T09:31:53 IST" duration-ms="14822" status="PASS">
          <reporter-output>
          </reporter-output>
        </test-method> <!-- setUp -->
        <test-method signature="MedicalAppAddCustomer_TC_003(java.lang.String,java.lang.String,java.lang.String,java.lang.String,java.lang.String,java.lang.String)[pri:0, instance:com.medicalapp_tests.MedicalApp_AddCustomer@1040be71]" started-at="2024-10-07T09:31:58 IST" name="MedicalAppAddCustomer_TC_003" data-provider="ReadExcelData" finished-at="2024-10-07T09:32:02 IST" duration-ms="4067" status="PASS">
          <params>
            <param index="0">
              <value>
                <![CDATA[Customer]]>
              </value>
            </param>
            <param index="1">
              <value>
                <![CDATA[Add Customer]]>
              </value>
            </param>
            <param index="2">
              <value>
                <![CDATA[sanama]]>
              </value>
            </param>
            <param index="3">
              <value>
                <![CDATA[manasa]]>
              </value>
            </param>
            <param index="4">
              <value>
                <![CDATA[9642515602]]>
              </value>
            </param>
            <param index="5">
              <value>
                <![CDATA[New]]>
              </value>
            </param>
          </params>
          <reporter-output>
          </reporter-output>
        </test-method> <!-- MedicalAppAddCustomer_TC_003 -->
        <test-method is-config="true" signature="AppOnFinish()[pri:0, instance:com.medicalapp_tests.MedicalApp_AddCustomer@1040be71]" started-at="2024-10-07T09:32:02 IST" name="AppOnFinish" finished-at="2024-10-07T09:32:03 IST" duration-ms="355" status="PASS">
          <reporter-output>
          </reporter-output>
        </test-method> <!-- AppOnFinish -->
      </class> <!-- com.medicalapp_tests.MedicalApp_AddCustomer -->
    </test> <!-- Default test -->
  </suite> <!-- Default suite -->
</testng-results>
